2025-06-15 18:23:58.617029 (42469) main____ INFO    ----------------------------------------
2025-06-15 18:23:58.617065 (42469) main____ INFO    Jasper version info
2025-06-15 18:23:58.617071 (42469) main____ INFO      tool      : Jasper 2022.03
2025-06-15 18:23:58.617075 (42469) main____ INFO      version   : 2022.03p002 64 bits
2025-06-15 18:23:58.617078 (42469) main____ INFO      build date: 2022.05.26 13:21:20 UTC
2025-06-15 18:23:58.617081 (42469) main____ INFO    ----------------------------------------
2025-06-15 18:23:58.617083 (42469) main____ INFO    Runtime info:
2025-06-15 18:23:58.617086 (42469) main____ INFO      platform  : Linux 4.18.0-553.51.1.el8_10.x86_64 x86_64
2025-06-15 18:23:58.617090 (42469) main____ INFO      hostname  : icdeslab19.ee.ncku.edu.tw
2025-06-15 18:23:58.617093 (42469) main____ INFO      pid       : 42469
2025-06-15 18:23:58.617096 (42469) main____ INFO      arguments : '-style' 'windows' '-allow_unsupported_OS' '-superlint' '../script/superlint.tcl'
2025-06-15 18:23:58.617101 (42469) main____ INFO      locale    : UTF-8
2025-06-15 18:23:58.617104 (42469) main____ INFO    ----------------------------------------
2025-06-15 18:23:58.617107 (42469) main____ INFO    System resource limits info:
2025-06-15 18:23:58.617110 (42469) main____ INFO      virtual memory: unlimited
2025-06-15 18:23:58.617112 (42469) main____ INFO      cpu time      : unlimited
2025-06-15 18:23:58.617117 (42469) main____ INFO      processes     : 29942
2025-06-15 18:23:58.617122 (42469) main____ INFO      stack size    : 8388608 B
2025-06-15 18:23:58.617126 (42469) main____ INFO      core file size: 0 B
2025-06-15 18:23:58.617129 (42469) main____ INFO      open files    : 262144
2025-06-15 18:23:58.617132 (42469) main____ INFO      file size     : unlimited
2025-06-15 18:23:58.617134 (42469) main____ INFO    ----------------------------------------
2025-06-15 18:23:58.617137 (42469) main____ INFO    Memory statistics:
2025-06-15 18:23:58.617140 (42469) main____ INFO      total physical memory  : 7724748 kB
2025-06-15 18:23:58.617142 (42469) main____ INFO      free physical memory   : 850816 kB
2025-06-15 18:23:58.617145 (42469) main____ INFO      committed address space: 23701132 kB
2025-06-15 18:23:58.617147 (42469) main____ INFO    ----------------------------------------
2025-06-15 18:23:58.617725 (42469) main____ INFO    Important environment variables:
2025-06-15 18:23:58.617736 (42469) main____ INFO      DISPLAY               : ':0'
2025-06-15 18:23:58.617740 (42469) main____ INFO      JASPER_INSTALL_DIR    : '/usr/cad/cadence/JASPER/jasper_2022.03p002'
2025-06-15 18:23:58.617744 (42469) main____ INFO      JASPER_MACRO_LINEFILES: '1'
2025-06-15 18:23:58.617747 (42469) main____ INFO      JASPER_OS_CHECK       : '0'
2025-06-15 18:23:58.617750 (42469) main____ INFO      JG_MACRO_LINEFILES    : '1'
2025-06-15 18:23:58.617753 (42469) main____ INFO      LANG                  : 'en_US.UTF-8'
2025-06-15 18:23:58.617756 (42469) main____ INFO      LM_LICENSE_FILE       : '5280@lstn:26585@lstn:'
2025-06-15 18:23:58.617759 (42469) main____ INFO    ----------------------------------------
2025-06-15 18:23:58.618005 (42469) lic_core INFO    Initializing license system ...
2025-06-15 18:23:58.740324 (42469) lic_core INFO    ... license system initialized.
2025-06-15 18:23:58.907800 (42469) lic__man INFO    Claim 'main' for <ui>.
2025-06-15 18:23:58.907828 (42469) lic_core INFO    (1) checking out 'jasper_interactive' ...
2025-06-15 18:23:58.961188 (42469) lic_core INFO    ... (1) checkout succeeded
2025-06-15 18:23:58.961250 (42469) lic__man INFO    Claim 'superlint' for <ui>.
2025-06-15 18:23:58.961263 (42469) lic_core INFO    (2) checking out 'jasper_afl' ...
2025-06-15 18:23:58.992536 (42469) lic_core INFO    ... (2) checkout failed (error: -5) ("FLEXnet ERROR(-5, 0, 0): No such feature exists.")
2025-06-15 18:23:58.992570 (42469) lic_core INFO    (3) checking out 'jasper_dao' ...
2025-06-15 18:23:59.056171 (42469) lic_core INFO    ... (3) checkout succeeded
2025-06-15 18:23:59.056495 (42469) main____ INFO    Tool inactivity delay is 480000 ms.
2025-06-15 18:24:00.111307 (42469) lic__man INFO    Claim 'superlint' for <ui>.
2025-06-15 18:24:00.415689 (42469) lic__man INFO    Unclaim 'superlint' for <ui>.
2025-06-15 18:24:00.415718 (42469) lic__man INFO    Claim 'superlint' for <ui>.
2025-06-15 18:24:00.418345 (42469) session_ INFO    Starting analysis session with session id 'session_0' (launcher: <local>) ...
2025-06-15 18:24:00.419723 (42469) session_ INFO    Analysis session with session id 'session_0' started (pid: 42514)
2025-06-15 18:24:02.297730 (42469) session_ INFO    Analysis session 'session_0' connected to the console (host: 127.0.0.1:59726)
2025-06-15 18:24:03.226657 (42469) main____ INFO    Releasing console memory by request of analysis session 'session_0'.
2025-06-15 18:24:03.228989 (42469) lic__man INFO    Unclaim everything for 'session_0'.
2025-06-15 18:27:29.424790 (42469) main____ INFO    Releasing console memory by request of analysis session 'session_0'.
2025-06-15 18:27:29.424958 (42469) lic__man INFO    Unclaim everything for 'session_0'.
2025-06-15 18:27:31.247761 (42469) lic__man INFO    Unclaim everything for 'session_0'.
2025-06-15 18:27:31.388677 (42469) lic__man INFO    Claim 'superlint' for 'session_0'.
2025-06-15 18:35:39.821185 (42469) lic__man INFO    Entering idle state.
2025-06-15 20:25:44.733015 (42469) lic__man INFO    Leaving idle state.
2025-06-15 20:25:52.562061 (42469) main____ INFO    Releasing console memory by request of analysis session 'session_0'.
2025-06-15 20:25:52.562699 (42469) lic__man INFO    Unclaim everything for 'session_0'.
2025-06-15 20:33:53.820431 (42469) lic__man INFO    Entering idle state.
2025-06-15 20:41:59.768168 (42469) lic__man INFO    Leaving idle state.
2025-06-15 20:42:00.289864 (42469) main____ INFO    Releasing console memory by request of analysis session 'session_0'.
2025-06-15 20:42:00.291067 (42469) lic__man INFO    Unclaim everything for 'session_0'.
2025-06-15 20:43:51.298914 (42469) main____ INFO    Releasing console memory by request of analysis session 'session_0'.
2025-06-15 20:43:51.299131 (42469) lic__man INFO    Unclaim everything for 'session_0'.
2025-06-15 20:44:18.734957 (42469) main____ INFO    Releasing console memory by request of analysis session 'session_0'.
2025-06-15 20:44:18.735050 (42469) lic__man INFO    Unclaim everything for 'session_0'.
2025-06-15 20:47:01.651703 (42469) main____ INFO    Releasing console memory by request of analysis session 'session_0'.
2025-06-15 20:47:01.675543 (42469) lic__man INFO    Unclaim everything for 'session_0'.
2025-06-15 20:51:30.546656 (42469) main____ INFO    Releasing console memory by request of analysis session 'session_0'.
2025-06-15 20:51:30.546734 (42469) lic__man INFO    Unclaim everything for 'session_0'.
2025-06-15 20:52:00.706295 (42469) main____ INFO    Releasing console memory by request of analysis session 'session_0'.
2025-06-15 20:52:00.706419 (42469) lic__man INFO    Unclaim everything for 'session_0'.
2025-06-15 20:52:38.120315 (42469) main____ INFO    Releasing console memory by request of analysis session 'session_0'.
2025-06-15 20:52:38.120418 (42469) lic__man INFO    Unclaim everything for 'session_0'.
2025-06-15 20:53:09.631420 (42469) main____ INFO    Releasing console memory by request of analysis session 'session_0'.
2025-06-15 20:53:09.631541 (42469) lic__man INFO    Unclaim everything for 'session_0'.
2025-06-15 21:01:10.820768 (42469) lic__man INFO    Entering idle state.
2025-06-15 21:48:39.627746 (42469) lic__man INFO    Leaving idle state.
2025-06-15 21:48:40.116960 (42469) main____ INFO    Releasing console memory by request of analysis session 'session_0'.
2025-06-15 21:48:40.117071 (42469) lic__man INFO    Unclaim everything for 'session_0'.
2025-06-15 21:51:51.590789 (42469) main____ INFO    Releasing console memory by request of analysis session 'session_0'.
2025-06-15 21:51:51.591371 (42469) lic__man INFO    Unclaim everything for 'session_0'.
2025-06-15 21:52:01.988250 (42469) main____ INFO    Releasing console memory by request of analysis session 'session_0'.
2025-06-15 21:52:01.988641 (42469) lic__man INFO    Unclaim everything for 'session_0'.
2025-06-15 21:55:52.977861 (42469) main____ INFO    Releasing console memory by request of analysis session 'session_0'.
2025-06-15 21:55:52.977979 (42469) lic__man INFO    Unclaim everything for 'session_0'.
2025-06-15 21:55:55.346603 (42469) lic__man INFO    Unclaim everything for 'session_0'.
2025-06-15 21:55:58.792660 (42469) lic__man INFO    Claim 'superlint' for 'session_0'.
2025-06-15 22:00:37.500789 (42469) main____ INFO    Releasing console memory by request of analysis session 'session_0'.
2025-06-15 22:00:37.503235 (42469) lic__man INFO    Unclaim everything for 'session_0'.
2025-06-15 22:00:40.323637 (42469) lic__man INFO    Unclaim everything for 'session_0'.
2025-06-15 22:00:40.556537 (42469) lic__man INFO    Claim 'superlint' for 'session_0'.
2025-06-15 22:02:38.782122 (42469) main____ INFO    Releasing console memory by request of analysis session 'session_0'.
2025-06-15 22:02:38.782412 (42469) lic__man INFO    Unclaim everything for 'session_0'.
2025-06-15 22:02:40.731868 (42469) lic__man INFO    Unclaim everything for 'session_0'.
2025-06-15 22:02:40.907850 (42469) lic__man INFO    Claim 'superlint' for 'session_0'.
2025-06-15 22:04:48.849421 (42469) main____ INFO    Releasing console memory by request of analysis session 'session_0'.
2025-06-15 22:04:48.849875 (42469) lic__man INFO    Unclaim everything for 'session_0'.
2025-06-15 22:04:50.763931 (42469) lic__man INFO    Unclaim everything for 'session_0'.
2025-06-15 22:04:50.906641 (42469) lic__man INFO    Claim 'superlint' for 'session_0'.
2025-06-15 22:06:06.414495 (42469) main____ INFO    Releasing console memory by request of analysis session 'session_0'.
2025-06-15 22:06:06.414722 (42469) lic__man INFO    Unclaim everything for 'session_0'.
2025-06-15 22:06:08.211358 (42469) lic__man INFO    Unclaim everything for 'session_0'.
2025-06-15 22:06:08.358431 (42469) lic__man INFO    Claim 'superlint' for 'session_0'.
2025-06-15 22:08:30.096394 (42469) main____ INFO    Releasing console memory by request of analysis session 'session_0'.
2025-06-15 22:08:30.096643 (42469) lic__man INFO    Unclaim everything for 'session_0'.
2025-06-15 22:08:31.999383 (42469) lic__man INFO    Unclaim everything for 'session_0'.
2025-06-15 22:08:32.169016 (42469) lic__man INFO    Claim 'superlint' for 'session_0'.
2025-06-15 22:17:30.820639 (42469) lic__man INFO    Entering idle state.
2025-06-15 22:21:38.218030 (42469) lic__man INFO    Leaving idle state.
2025-06-15 22:22:36.539954 (42469) main____ INFO    Releasing console memory by request of analysis session 'session_0'.
2025-06-15 22:22:36.542146 (42469) lic__man INFO    Unclaim everything for 'session_0'.
2025-06-15 22:22:40.486249 (42469) lic__man INFO    Unclaim everything for 'session_0'.
2025-06-15 22:22:42.727701 (42469) lic__man INFO    Claim 'superlint' for 'session_0'.
2025-06-15 22:29:47.753662 (42469) main____ INFO    Releasing console memory by request of analysis session 'session_0'.
2025-06-15 22:29:47.758803 (42469) lic__man INFO    Unclaim everything for 'session_0'.
2025-06-15 22:29:49.704133 (42469) lic__man INFO    Unclaim everything for 'session_0'.
2025-06-15 22:29:49.918704 (42469) lic__man INFO    Claim 'superlint' for 'session_0'.
2025-06-15 22:30:16.342352 (42469) main____ INFO    Releasing console memory by request of analysis session 'session_0'.
2025-06-15 22:30:16.344441 (42469) lic__man INFO    Unclaim everything for 'session_0'.
2025-06-15 22:30:20.313780 (42469) lic__man INFO    Unclaim everything for 'session_0'.
2025-06-15 22:30:20.482850 (42469) lic__man INFO    Claim 'superlint' for 'session_0'.
2025-06-15 22:32:29.376805 (42469) main____ INFO    About to exit: requested from GUI
2025-06-15 22:32:39.348289 (42469) session_ INFO    Analysis session 'session_0' disconnected.
2025-06-15 22:32:40.641938 (42469) lic_core INFO    (1) checkin jasper_interactive
2025-06-15 22:32:40.655348 (42469) lic_core INFO    (3) checkin jasper_dao
2025-06-15 22:32:40.727545 (42469) main____ INFO    Exiting with status 0.
